{"ts":1706665208237,"action":"PROJECT_OPENED","tags":{"PROJECT_NAME":"JDCategoryDemo"}}
{"ts":1706665215151,"action":"IDE_DEACTIVATED"}
{"ts":1706665215800,"action":"IDE_ACTIVATED"}
{"ts":1706665238770,"action":"PROJECT_CLOSED","tags":{"PROJECT_NAME":"JDCategoryDemo"}}
{"ts":1706665245564,"action":"PROJECT_OPENED","tags":{"PROJECT_NAME":"JDCategoryDemo"}}
{"ts":1706665261756,"action":"IDE_DEACTIVATED"}
{"ts":1706665262280,"action":"IDE_ACTIVATED"}
{"ts":1706665263980,"action":"IDE_DEACTIVATED"}
{"ts":1706665266320,"action":"IDE_ACTIVATED"}
{"ts":1706665270950,"action":"IDE_DEACTIVATED"}
{"ts":1706665271990,"action":"IDE_ACTIVATED"}
{"ts":1706665272943,"action":"IDE_DEACTIVATED"}
{"ts":1706665273457,"action":"IDE_ACTIVATED"}
{"ts":1706665273671,"action":"IDE_DEACTIVATED"}
{"ts":1706665274249,"action":"IDE_ACTIVATED"}
{"ts":1706665283679,"action":"IDE_DEACTIVATED"}
{"ts":1706665286934,"action":"IDE_ACTIVATED"}
{"ts":1706665325796,"action":"IDE_DEACTIVATED"}
{"ts":1706665354926,"action":"IDE_ACTIVATED"}
{"ts":1706665357187,"action":"IDE_DEACTIVATED"}
{"ts":1706665357864,"action":"IDE_ACTIVATED"}
{"ts":1706665384976,"action":"IDE_DEACTIVATED"}
{"ts":1706665385062,"action":"IDE_ACTIVATED"}
{"ts":1706665391579,"action":"FILE_CLOSED","file":"/gradle/wrapper/gradle-wrapper.properties","tags":{"FILE_LINE_OF_CODE":"7"}}
{"ts":1706665391579,"action":"FILE_OPENED","file":"/app/src/main/res/layout/item_type_four.xml","tags":{"FILE_LINE_OF_CODE":"22"}}
{"ts":1706665416030,"action":"IDE_DEACTIVATED"}
{"ts":1706665416128,"action":"IDE_ACTIVATED"}
{"ts":1706665540463,"action":"IDE_DEACTIVATED"}
{"ts":1706665541067,"action":"IDE_ACTIVATED"}
{"ts":1706665542641,"action":"IDE_DEACTIVATED"}
{"ts":1706665542747,"action":"IDE_ACTIVATED"}
{"ts":1706665555197,"action":"IDE_DEACTIVATED"}
{"ts":1706665555288,"action":"IDE_ACTIVATED"}
{"ts":1706665578832,"action":"FILE_CLOSED","file":"/app/src/main/res/layout/item_type_four.xml","tags":{"FILE_LINE_OF_CODE":"22"}}
{"ts":1706665578832,"action":"FILE_OPENED","file":"/app/build.gradle","tags":{"FILE_LINE_OF_CODE":"39"}}
{"ts":1706665585568,"action":"IDE_DEACTIVATED"}
{"ts":1706665585664,"action":"IDE_ACTIVATED"}
{"ts":1706665597676,"action":"IDE_DEACTIVATED"}
{"ts":1706665597772,"action":"IDE_ACTIVATED"}
{"ts":1706665609635,"action":"IDE_DEACTIVATED"}
{"ts":1706665609715,"action":"IDE_ACTIVATED"}
{"ts":1706665617280,"action":"IDE_DEACTIVATED"}
{"ts":1706665617362,"action":"IDE_ACTIVATED"}
{"ts":1706665624411,"action":"FILE_CLOSED","file":"/app/build.gradle","tags":{"FILE_LINE_OF_CODE":"43"}}
{"ts":1706665624411,"action":"FILE_OPENED","file":"/app/src/main/res/layout/item_type_four.xml","tags":{"FILE_LINE_OF_CODE":"22"}}
{"ts":1706665631073,"action":"FILE_CLOSED","file":"/app/src/main/res/layout/item_type_four.xml","tags":{"FILE_LINE_OF_CODE":"23"}}
{"ts":1706665631073,"action":"FILE_OPENED","file":"/app/src/main/java/com/example/jdcategorydemo/MainActivity.java","tags":{"FILE_LINE_OF_CODE":"14"}}
{"ts":1706665637727,"action":"FILE_CLOSED","file":"/app/src/main/java/com/example/jdcategorydemo/MainActivity.java","tags":{"FILE_LINE_OF_CODE":"14"}}
{"ts":1706665637727,"action":"FILE_OPENED","file":"/build.gradle","tags":{"FILE_LINE_OF_CODE":"8"}}
{"ts":1706665639219,"action":"FILE_CLOSED","file":"/build.gradle","tags":{"FILE_LINE_OF_CODE":"8"}}
{"ts":1706665639219,"action":"FILE_OPENED","file":"/settings.gradle","tags":{"FILE_LINE_OF_CODE":"18"}}
{"ts":1706665641406,"action":"IDE_DEACTIVATED"}
{"ts":1706665641521,"action":"IDE_ACTIVATED"}
{"ts":1706665645552,"action":"IDE_DEACTIVATED"}
{"ts":1706665645644,"action":"IDE_ACTIVATED"}
{"ts":1706665659541,"action":"FILE_CLOSED","file":"/settings.gradle","tags":{"FILE_LINE_OF_CODE":"20"}}
{"ts":1706665659541,"action":"FILE_OPENED","file":"/app/src/main/res/layout/item_type_four.xml","tags":{"FILE_LINE_OF_CODE":"23"}}
{"ts":1706665681953,"action":"IDE_DEACTIVATED"}
{"ts":1706665682037,"action":"IDE_ACTIVATED"}
{"ts":1706665682454,"action":"IDE_DEACTIVATED"}
{"ts":1706665682508,"action":"IDE_ACTIVATED"}
{"ts":1706665691294,"action":"FILE_CLOSED","file":"/app/src/main/res/layout/item_type_four.xml","tags":{"FILE_LINE_OF_CODE":"22"}}
{"ts":1706665691294,"action":"FILE_OPENED","file":"/app/src/main/res/layout/item_type_two.xml","tags":{"FILE_LINE_OF_CODE":"26"}}
{"ts":1706665703871,"action":"FILE_CLOSED","file":"/app/src/main/res/layout/item_type_two.xml","tags":{"FILE_LINE_OF_CODE":"26"}}
{"ts":1706665706299,"action":"FILE_OPENED","file":"/app/src/main/res/layout/item_type_two.xml","tags":{"FILE_LINE_OF_CODE":"26"}}
{"ts":1706665736542,"action":"FILE_CLOSED","file":"/app/src/main/res/layout/item_type_two.xml","tags":{"FILE_LINE_OF_CODE":"26"}}
{"ts":1706665736542,"action":"FILE_OPENED","file":"/settings.gradle","tags":{"FILE_LINE_OF_CODE":"20"}}
{"ts":1706665737580,"action":"FILE_CLOSED","file":"/settings.gradle","tags":{"FILE_LINE_OF_CODE":"20"}}
{"ts":1706665737580,"action":"FILE_OPENED","file":"/build.gradle","tags":{"FILE_LINE_OF_CODE":"8"}}
{"ts":1706665738442,"action":"FILE_CLOSED","file":"/build.gradle","tags":{"FILE_LINE_OF_CODE":"8"}}
{"ts":1706665738442,"action":"FILE_OPENED","file":"/settings.gradle","tags":{"FILE_LINE_OF_CODE":"20"}}
{"ts":1706665739562,"action":"FILE_CLOSED","file":"/settings.gradle","tags":{"FILE_LINE_OF_CODE":"20"}}
{"ts":1706665739562,"action":"FILE_OPENED","file":"/gradle/wrapper/gradle-wrapper.properties","tags":{"FILE_LINE_OF_CODE":"7"}}
{"ts":1706665741213,"action":"FILE_CLOSED","file":"/gradle/wrapper/gradle-wrapper.properties","tags":{"FILE_LINE_OF_CODE":"7"}}
{"ts":1706665741214,"action":"FILE_OPENED","file":"/settings.gradle","tags":{"FILE_LINE_OF_CODE":"20"}}
{"ts":1706665742192,"action":"FILE_CLOSED","file":"/settings.gradle","tags":{"FILE_LINE_OF_CODE":"20"}}
{"ts":1706665742192,"action":"FILE_OPENED","file":"/app/build.gradle","tags":{"FILE_LINE_OF_CODE":"43"}}
{"ts":1706665758006,"action":"FILE_CLOSED","file":"/app/build.gradle","tags":{"FILE_LINE_OF_CODE":"43"}}
{"ts":1706665762613,"action":"FILE_OPENED","file":"/app/build.gradle","tags":{"FILE_LINE_OF_CODE":"43"}}
{"ts":1706665767823,"action":"FILE_CLOSED","file":"/app/build.gradle","tags":{"FILE_LINE_OF_CODE":"43"}}
{"ts":1706665767823,"action":"FILE_OPENED","file":"/app/src/main/res/layout/item_type_two.xml","tags":{"FILE_LINE_OF_CODE":"26"}}
{"ts":1706665770522,"action":"PROJECT_CLOSED","tags":{"PROJECT_NAME":"JDCategoryDemo"}}
{"ts":1706665776000,"action":"FILE_OPENED","file":"/app/src/main/res/layout/activity_main.xml","tags":{"FILE_LINE_OF_CODE":"18"}}
{"ts":1706665776111,"action":"FILE_CLOSED","file":"/app/src/main/res/layout/activity_main.xml","tags":{"FILE_LINE_OF_CODE":"18"}}
{"ts":1706665776111,"action":"FILE_OPENED","file":"/app/src/main/res/layout/item_type_two.xml","tags":{"FILE_LINE_OF_CODE":"26"}}
{"ts":1706665776201,"action":"PROJECT_OPENED","tags":{"PROJECT_NAME":"JDCategoryDemo"}}
{"ts":1706665777774,"action":"IDE_DEACTIVATED"}
{"ts":1706665842015,"action":"IDE_ACTIVATED"}
{"ts":1706665850599,"action":"FILE_CLOSED","file":"/app/src/main/res/layout/item_type_two.xml","tags":{"FILE_LINE_OF_CODE":"26"}}
{"ts":1706665850599,"action":"FILE_OPENED","file":"/app/src/main/java/com/example/jdcategorydemo/MainActivity.java","tags":{"FILE_LINE_OF_CODE":"14"}}
{"ts":1706665866702,"action":"FILE_CLOSED","file":"/app/src/main/java/com/example/jdcategorydemo/MainActivity.java","tags":{"FILE_LINE_OF_CODE":"16"}}
{"ts":1706665866702,"action":"FILE_OPENED","file":"/app/src/main/res/layout/item_type_four.xml","tags":{"FILE_LINE_OF_CODE":"22"}}
{"ts":1706665867840,"action":"FILE_CLOSED","file":"/app/src/main/res/layout/item_type_four.xml","tags":{"FILE_LINE_OF_CODE":"22"}}
{"ts":1706665867840,"action":"FILE_OPENED","file":"/app/src/main/res/layout/item_type_one.xml","tags":{"FILE_LINE_OF_CODE":"16"}}
{"ts":1706665870727,"action":"FILE_CLOSED","file":"/app/src/main/res/layout/item_type_one.xml","tags":{"FILE_LINE_OF_CODE":"16"}}
{"ts":1706665870727,"action":"FILE_OPENED","file":"/app/src/main/res/layout/item_type_three.xml","tags":{"FILE_LINE_OF_CODE":"24"}}
{"ts":1706665894503,"action":"IDE_DEACTIVATED"}
{"ts":1706665895700,"action":"IDE_ACTIVATED"}
{"ts":1706665910405,"action":"IDE_DEACTIVATED"}
{"ts":1706665910498,"action":"IDE_ACTIVATED"}
{"ts":1706665922891,"action":"FILE_CLOSED","file":"/app/src/main/res/layout/item_type_three.xml","tags":{"FILE_LINE_OF_CODE":"25"}}
{"ts":1706665922891,"action":"FILE_OPENED","file":"/app/src/main/res/drawable/arrows_right_ic.xml","tags":{"FILE_LINE_OF_CODE":"16"}}
{"ts":1706665939593,"action":"IDE_DEACTIVATED"}
{"ts":1706665939672,"action":"IDE_ACTIVATED"}
{"ts":1706665943191,"action":"IDE_DEACTIVATED"}
{"ts":1706665943288,"action":"IDE_ACTIVATED"}
{"ts":1706665962364,"action":"FILE_CLOSED","file":"/app/src/main/res/drawable/arrows_right_ic.xml","tags":{"FILE_LINE_OF_CODE":"16"}}
{"ts":1706665962364,"action":"FILE_OPENED","file":"/app/src/main/res/drawable/arrows_left_ic.xml","tags":{"FILE_LINE_OF_CODE":"16"}}
{"ts":1706665979089,"action":"FILE_CLOSED","file":"/app/src/main/res/drawable/arrows_left_ic.xml","tags":{"FILE_LINE_OF_CODE":"16"}}
{"ts":1706665979089,"action":"FILE_OPENED","file":"/app/src/main/res/drawable/arrows_right_ic.xml","tags":{"FILE_LINE_OF_CODE":"16"}}
{"ts":1706665980589,"action":"FILE_CLOSED","file":"/app/src/main/res/drawable/arrows_right_ic.xml","tags":{"FILE_LINE_OF_CODE":"16"}}
{"ts":1706665980589,"action":"FILE_OPENED","file":"/app/src/main/res/drawable/arrows_top_ic.xml","tags":{"FILE_LINE_OF_CODE":"16"}}
{"ts":1706665984593,"action":"FILE_CLOSED","file":"/app/src/main/res/drawable/arrows_top_ic.xml","tags":{"FILE_LINE_OF_CODE":"16"}}
{"ts":1706665984593,"action":"FILE_OPENED","file":"/app/src/main/res/drawable/ic_launcher_background.xml","tags":{"FILE_LINE_OF_CODE":"171"}}
{"ts":1706665985526,"action":"FILE_CLOSED","file":"/app/src/main/res/drawable/ic_launcher_background.xml","tags":{"FILE_LINE_OF_CODE":"171"}}
{"ts":1706665985526,"action":"FILE_OPENED","file":"/app/src/main/res/drawable/arrows_top_ic.xml","tags":{"FILE_LINE_OF_CODE":"16"}}
{"ts":1706665986245,"action":"FILE_CLOSED","file":"/app/src/main/res/drawable/arrows_top_ic.xml","tags":{"FILE_LINE_OF_CODE":"16"}}
{"ts":1706665986245,"action":"FILE_OPENED","file":"/app/src/main/res/drawable/arrows_right_ic.xml","tags":{"FILE_LINE_OF_CODE":"16"}}
{"ts":1706665986918,"action":"FILE_CLOSED","file":"/app/src/main/res/drawable/arrows_right_ic.xml","tags":{"FILE_LINE_OF_CODE":"16"}}
{"ts":1706665986918,"action":"FILE_OPENED","file":"/app/src/main/res/drawable/arrows_left_ic.xml","tags":{"FILE_LINE_OF_CODE":"16"}}
{"ts":1706665987583,"action":"FILE_CLOSED","file":"/app/src/main/res/drawable/arrows_left_ic.xml","tags":{"FILE_LINE_OF_CODE":"16"}}
{"ts":1706665987583,"action":"FILE_OPENED","file":"/app/src/main/res/drawable/arrows_bottom_ic.xml","tags":{"FILE_LINE_OF_CODE":"16"}}
{"ts":1706665999367,"action":"FILE_CLOSED","file":"/app/src/main/res/drawable/arrows_bottom_ic.xml","tags":{"FILE_LINE_OF_CODE":"16"}}
{"ts":1706665999369,"action":"FILE_OPENED","file":"/app/src/main/res/drawable/arrows_left_ic.xml","tags":{"FILE_LINE_OF_CODE":"16"}}
{"ts":1706666000998,"action":"FILE_CLOSED","file":"/app/src/main/res/drawable/arrows_left_ic.xml","tags":{"FILE_LINE_OF_CODE":"16"}}
{"ts":1706666001001,"action":"FILE_OPENED","file":"/app/src/main/res/drawable/arrows_right_ic.xml","tags":{"FILE_LINE_OF_CODE":"16"}}
{"ts":1706666001924,"action":"FILE_CLOSED","file":"/app/src/main/res/drawable/arrows_right_ic.xml","tags":{"FILE_LINE_OF_CODE":"16"}}
{"ts":1706666001930,"action":"FILE_OPENED","file":"/app/src/main/res/layout/item_type_three.xml","tags":{"FILE_LINE_OF_CODE":"25"}}
{"ts":1706666005794,"action":"IDE_DEACTIVATED"}
{"ts":1706666005900,"action":"IDE_ACTIVATED"}
{"ts":1706666012514,"action":"IDE_DEACTIVATED"}
{"ts":1706666012600,"action":"IDE_ACTIVATED"}
{"ts":1706666013406,"action":"IDE_DEACTIVATED"}
{"ts":1706666013491,"action":"IDE_ACTIVATED"}
{"ts":1706666022462,"action":"IDE_DEACTIVATED"}
{"ts":1706666022549,"action":"IDE_ACTIVATED"}
{"ts":1706666024809,"action":"FILE_CLOSED","file":"/app/src/main/res/layout/item_type_three.xml","tags":{"FILE_LINE_OF_CODE":"25"}}
{"ts":1706666024810,"action":"FILE_OPENED","file":"/app/src/main/res/drawable/radius_white.xml","tags":{"FILE_LINE_OF_CODE":"5"}}
{"ts":1706666031974,"action":"FILE_CLOSED","file":"/app/src/main/res/drawable/radius_white.xml","tags":{"FILE_LINE_OF_CODE":"5"}}
{"ts":1706666031983,"action":"FILE_OPENED","file":"/app/src/main/res/layout/item_type_three.xml","tags":{"FILE_LINE_OF_CODE":"25"}}
{"ts":1706666040621,"action":"FILE_CLOSED","file":"/app/src/main/res/layout/item_type_three.xml","tags":{"FILE_LINE_OF_CODE":"25"}}
{"ts":1706666040621,"action":"FILE_OPENED","file":"/app/src/main/res/layout/activity_main.xml","tags":{"FILE_LINE_OF_CODE":"18"}}
{"ts":1706666043585,"action":"FILE_CLOSED","file":"/app/src/main/res/layout/activity_main.xml","tags":{"FILE_LINE_OF_CODE":"18"}}
{"ts":1706666043585,"action":"FILE_OPENED","file":"/app/src/main/res/layout/item_type_four.xml","tags":{"FILE_LINE_OF_CODE":"22"}}
{"ts":1706666044521,"action":"FILE_CLOSED","file":"/app/src/main/res/layout/item_type_four.xml","tags":{"FILE_LINE_OF_CODE":"22"}}
{"ts":1706666044521,"action":"FILE_OPENED","file":"/app/src/main/res/layout/item_type_one.xml","tags":{"FILE_LINE_OF_CODE":"16"}}
{"ts":1706666045636,"action":"FILE_CLOSED","file":"/app/src/main/res/layout/item_type_one.xml","tags":{"FILE_LINE_OF_CODE":"16"}}
{"ts":1706666045636,"action":"FILE_OPENED","file":"/app/src/main/res/layout/item_type_three.xml","tags":{"FILE_LINE_OF_CODE":"25"}}
{"ts":1706666046982,"action":"FILE_CLOSED","file":"/app/src/main/res/layout/item_type_three.xml","tags":{"FILE_LINE_OF_CODE":"25"}}
{"ts":1706666046982,"action":"FILE_OPENED","file":"/app/src/main/res/layout/item_type_two.xml","tags":{"FILE_LINE_OF_CODE":"26"}}
{"ts":1706666059092,"action":"IDE_DEACTIVATED"}
{"ts":1706666059852,"action":"IDE_ACTIVATED"}
{"ts":1706666065130,"action":"IDE_DEACTIVATED"}
{"ts":1706666065227,"action":"IDE_ACTIVATED"}
{"ts":1706666068516,"action":"FILE_CLOSED","file":"/app/src/main/res/layout/item_type_two.xml","tags":{"FILE_LINE_OF_CODE":"26"}}
{"ts":1706666068516,"action":"FILE_OPENED","file":"/app/src/main/res/values/colors.xml","tags":{"FILE_LINE_OF_CODE":"5"}}
{"ts":1706666073578,"action":"FILE_CLOSED","file":"/app/src/main/res/values/colors.xml","tags":{"FILE_LINE_OF_CODE":"9"}}
{"ts":1706666073591,"action":"FILE_OPENED","file":"/app/src/main/res/layout/item_type_two.xml","tags":{"FILE_LINE_OF_CODE":"26"}}
{"ts":1706666094943,"action":"IDE_DEACTIVATED"}
{"ts":1706666095027,"action":"IDE_ACTIVATED"}
{"ts":1706666096325,"action":"IDE_DEACTIVATED"}
{"ts":1706666096419,"action":"IDE_ACTIVATED"}
{"ts":1706666096585,"action":"IDE_DEACTIVATED"}
{"ts":1706666097047,"action":"IDE_ACTIVATED"}
{"ts":1706666117443,"action":"IDE_DEACTIVATED"}
{"ts":1706666117576,"action":"IDE_ACTIVATED"}
{"ts":1706666121261,"action":"FILE_CLOSED","file":"/app/src/main/res/layout/item_type_two.xml","tags":{"FILE_LINE_OF_CODE":"26"}}
{"ts":1706666121261,"action":"FILE_OPENED","file":"/app/src/main/res/values/strings.xml","tags":{"FILE_LINE_OF_CODE":"3"}}
{"ts":1706666121881,"action":"FILE_CLOSED","file":"/app/src/main/res/values/strings.xml","tags":{"FILE_LINE_OF_CODE":"3"}}
{"ts":1706666121881,"action":"FILE_OPENED","file":"/app/src/main/res/values/colors.xml","tags":{"FILE_LINE_OF_CODE":"9"}}
{"ts":1706666134648,"action":"FILE_CLOSED","file":"/app/src/main/res/values/colors.xml","tags":{"FILE_LINE_OF_CODE":"10"}}
{"ts":1706666134648,"action":"FILE_OPENED","file":"/app/src/main/res/layout/activity_main.xml","tags":{"FILE_LINE_OF_CODE":"18"}}
{"ts":1706666136022,"action":"FILE_CLOSED","file":"/app/src/main/res/layout/activity_main.xml","tags":{"FILE_LINE_OF_CODE":"18"}}
{"ts":1706666136022,"action":"FILE_OPENED","file":"/app/src/main/res/layout/item_type_two.xml","tags":{"FILE_LINE_OF_CODE":"26"}}
{"ts":1706666164580,"action":"FILE_CLOSED","file":"/app/src/main/res/layout/item_type_two.xml","tags":{"FILE_LINE_OF_CODE":"26"}}
{"ts":1706666205920,"action":"FILE_OPENED","file":"/app/build.gradle","tags":{"FILE_LINE_OF_CODE":"43"}}
{"ts":1706666239846,"action":"FILE_CLOSED","file":"/app/build.gradle","tags":{"FILE_LINE_OF_CODE":"43"}}
{"ts":1706666239846,"action":"FILE_OPENED","file":"/app/src/main/AndroidManifest.xml","tags":{"FILE_LINE_OF_CODE":"26"}}
{"ts":1706666259427,"action":"IDE_DEACTIVATED"}
{"ts":1706666260838,"action":"IDE_ACTIVATED"}
{"ts":1706666272340,"action":"IDE_DEACTIVATED"}
{"ts":1706666272986,"action":"IDE_ACTIVATED"}
{"ts":1706666275289,"action":"FILE_CLOSED","file":"/app/src/main/AndroidManifest.xml","tags":{"FILE_LINE_OF_CODE":"26"}}
{"ts":1706666275289,"action":"FILE_OPENED","file":"/gradle.properties","tags":{"FILE_LINE_OF_CODE":"21"}}
{"ts":1706666284550,"action":"FILE_CLOSED","file":"/gradle.properties","tags":{"FILE_LINE_OF_CODE":"22"}}
{"ts":1706666284550,"action":"FILE_OPENED","file":"/app/src/main/res/layout/item_type_two.xml","tags":{"FILE_LINE_OF_CODE":"26"}}
{"ts":1706666294470,"action":"FILE_CLOSED","file":"/app/src/main/res/layout/item_type_two.xml","tags":{"FILE_LINE_OF_CODE":"26"}}
{"ts":1706666294470,"action":"FILE_OPENED","file":"/app/src/main/java/com/example/jdcategorydemo/MainActivity.java","tags":{"FILE_LINE_OF_CODE":"16"}}
{"ts":1706666300059,"action":"IDE_DEACTIVATED"}
{"ts":1706666318429,"action":"IDE_ACTIVATED"}
{"ts":1706666321417,"action":"IDE_DEACTIVATED"}
{"ts":1706666322374,"action":"IDE_ACTIVATED"}
{"ts":1706666326747,"action":"IDE_DEACTIVATED"}
{"ts":1706666326848,"action":"IDE_ACTIVATED"}
{"ts":1706666333719,"action":"FILE_CLOSED","file":"/app/src/main/java/com/example/jdcategorydemo/MainActivity.java","tags":{"FILE_LINE_OF_CODE":"16"}}
{"ts":1706666333719,"action":"FILE_OPENED","file":"/app/src/main/java/com/example/jdcategorydemo/adapter.java","tags":{"FILE_LINE_OF_CODE":"3"}}
{"ts":1706666338094,"action":"FILE_OPENED","file":"/app/src/main/java/com/example/jdcategorydemo/MainActivity.java","tags":{"FILE_LINE_OF_CODE":"16"}}
{"ts":1706666345729,"action":"IDE_DEACTIVATED"}
{"ts":1706666345813,"action":"IDE_ACTIVATED"}
{"ts":1706666352665,"action":"IDE_DEACTIVATED"}
{"ts":1706666352767,"action":"IDE_ACTIVATED"}
{"ts":1706666353503,"action":"IDE_DEACTIVATED"}
{"ts":1706666353589,"action":"IDE_ACTIVATED"}
{"ts":1706666354243,"action":"IDE_DEACTIVATED"}
{"ts":1706666354956,"action":"IDE_ACTIVATED"}
{"ts":1706666359225,"action":"FILE_CLOSED","file":"/app/src/main/java/com/example/jdcategorydemo/MainActivity.java","tags":{"FILE_LINE_OF_CODE":"16"}}
{"ts":1706666359225,"action":"FILE_OPENED","file":"/app/src/main/java/com/example/jdcategorydemo/adapter/FourAdapter.java","tags":{"FILE_LINE_OF_CODE":"61"}}
{"ts":1706666361334,"action":"IDE_DEACTIVATED"}
{"ts":1706666361393,"action":"IDE_ACTIVATED"}
{"ts":1706666366864,"action":"IDE_DEACTIVATED"}
{"ts":1706666366954,"action":"IDE_ACTIVATED"}
{"ts":1706666369723,"action":"FILE_CLOSED","file":"/app/src/main/java/com/example/jdcategorydemo/adapter/FourAdapter.java","tags":{"FILE_LINE_OF_CODE":"61"}}
{"ts":1706666369723,"action":"FILE_OPENED","file":"/app/src/main/java/com/example/jdcategorydemo/GoodsTypeBN.java","tags":{"FILE_LINE_OF_CODE":"63"}}
{"ts":1706666375848,"action":"FILE_CLOSED","file":"/app/src/main/java/com/example/jdcategorydemo/GoodsTypeBN.java","tags":{"FILE_LINE_OF_CODE":"63"}}
{"ts":1706666375855,"action":"FILE_OPENED","file":"/app/src/main/java/com/example/jdcategorydemo/adapter/FourAdapter.java","tags":{"FILE_LINE_OF_CODE":"61"}}
{"ts":1706666391295,"action":"FILE_CLOSED","file":"/app/src/main/java/com/example/jdcategorydemo/adapter/FourAdapter.java","tags":{"FILE_LINE_OF_CODE":"62"}}
{"ts":1706666391295,"action":"FILE_OPENED","file":"/app/src/main/java/com/example/jdcategorydemo/adapter/OneTypeAdapter.java","tags":{"FILE_LINE_OF_CODE":"84"}}
{"ts":1706666408853,"action":"FILE_CLOSED","file":"/app/src/main/java/com/example/jdcategorydemo/adapter/OneTypeAdapter.java","tags":{"FILE_LINE_OF_CODE":"85"}}
{"ts":1706666408853,"action":"FILE_OPENED","file":"/app/src/main/java/com/example/jdcategorydemo/adapter/ThreeTypeAdapter.java","tags":{"FILE_LINE_OF_CODE":"54"}}
{"ts":1706666418379,"action":"FILE_CLOSED","file":"/app/src/main/java/com/example/jdcategorydemo/adapter/ThreeTypeAdapter.java","tags":{"FILE_LINE_OF_CODE":"56"}}
{"ts":1706666418379,"action":"FILE_OPENED","file":"/app/src/main/java/com/example/jdcategorydemo/adapter/TwoTypeAdapter.java","tags":{"FILE_LINE_OF_CODE":"79"}}
{"ts":1706666431150,"action":"FILE_CLOSED","file":"/app/src/main/java/com/example/jdcategorydemo/adapter/TwoTypeAdapter.java","tags":{"FILE_LINE_OF_CODE":"81"}}
{"ts":1706666431150,"action":"FILE_OPENED","file":"/app/src/main/res/layout/item_type_two.xml","tags":{"FILE_LINE_OF_CODE":"26"}}
{"ts":1706666440756,"action":"IDE_DEACTIVATED"}
{"ts":1706666441769,"action":"IDE_ACTIVATED"}
{"ts":1706666449762,"action":"IDE_DEACTIVATED"}
{"ts":1706666449862,"action":"IDE_ACTIVATED"}
{"ts":1706666453528,"action":"FILE_CLOSED","file":"/app/src/main/res/layout/item_type_two.xml","tags":{"FILE_LINE_OF_CODE":"26"}}
{"ts":1706666453528,"action":"FILE_OPENED","file":"/app/src/main/res/values/colors.xml","tags":{"FILE_LINE_OF_CODE":"10"}}
{"ts":1706666459254,"action":"FILE_CLOSED","file":"/app/src/main/res/values/colors.xml","tags":{"FILE_LINE_OF_CODE":"11"}}
{"ts":1706666459254,"action":"FILE_OPENED","file":"/app/src/main/java/com/example/jdcategorydemo/adapter/OneTypeAdapter.java","tags":{"FILE_LINE_OF_CODE":"85"}}
{"ts":1706666476794,"action":"IDE_DEACTIVATED"}
{"ts":1706666476859,"action":"IDE_ACTIVATED"}
{"ts":1706666487284,"action":"IDE_DEACTIVATED"}
{"ts":1706666487376,"action":"IDE_ACTIVATED"}
{"ts":1706666489482,"action":"FILE_CLOSED","file":"/app/src/main/java/com/example/jdcategorydemo/adapter/OneTypeAdapter.java","tags":{"FILE_LINE_OF_CODE":"85"}}
{"ts":1706666489482,"action":"FILE_OPENED","file":"/app/src/main/res/values/colors.xml","tags":{"FILE_LINE_OF_CODE":"11"}}
{"ts":1706666494304,"action":"FILE_CLOSED","file":"/app/src/main/res/values/colors.xml","tags":{"FILE_LINE_OF_CODE":"12"}}
{"ts":1706666494304,"action":"FILE_OPENED","file":"/app/src/main/java/com/example/jdcategorydemo/adapter/TwoTypeAdapter.java","tags":{"FILE_LINE_OF_CODE":"81"}}
{"ts":1706666513220,"action":"FILE_CLOSED","file":"/app/src/main/java/com/example/jdcategorydemo/adapter/TwoTypeAdapter.java","tags":{"FILE_LINE_OF_CODE":"81"}}
{"ts":1706666513220,"action":"FILE_OPENED","file":"/app/src/main/java/com/example/jdcategorydemo/adapter/ThreeTypeAdapter.java","tags":{"FILE_LINE_OF_CODE":"56"}}
{"ts":1706666532421,"action":"FILE_CLOSED","file":"/app/src/main/java/com/example/jdcategorydemo/adapter/ThreeTypeAdapter.java","tags":{"FILE_LINE_OF_CODE":"56"}}
{"ts":1706666532421,"action":"FILE_OPENED","file":"/app/src/main/java/com/example/jdcategorydemo/adapter/FourAdapter.java","tags":{"FILE_LINE_OF_CODE":"62"}}
{"ts":1706666533754,"action":"FILE_CLOSED","file":"/app/src/main/java/com/example/jdcategorydemo/adapter/FourAdapter.java","tags":{"FILE_LINE_OF_CODE":"62"}}
{"ts":1706666533754,"action":"FILE_OPENED","file":"/app/src/main/java/com/example/jdcategorydemo/adapter/OneTypeAdapter.java","tags":{"FILE_LINE_OF_CODE":"85"}}
{"ts":1706666534945,"action":"FILE_CLOSED","file":"/app/src/main/java/com/example/jdcategorydemo/adapter/OneTypeAdapter.java","tags":{"FILE_LINE_OF_CODE":"85"}}
{"ts":1706666534945,"action":"FILE_OPENED","file":"/app/src/main/java/com/example/jdcategorydemo/adapter/ThreeTypeAdapter.java","tags":{"FILE_LINE_OF_CODE":"56"}}
{"ts":1706666536414,"action":"FILE_CLOSED","file":"/app/src/main/java/com/example/jdcategorydemo/adapter/ThreeTypeAdapter.java","tags":{"FILE_LINE_OF_CODE":"56"}}
{"ts":1706666536414,"action":"FILE_OPENED","file":"/app/src/main/java/com/example/jdcategorydemo/adapter/TwoTypeAdapter.java","tags":{"FILE_LINE_OF_CODE":"81"}}
{"ts":1706666538661,"action":"FILE_CLOSED","file":"/app/src/main/java/com/example/jdcategorydemo/adapter/TwoTypeAdapter.java","tags":{"FILE_LINE_OF_CODE":"81"}}
{"ts":1706666538661,"action":"FILE_OPENED","file":"/app/src/main/java/com/example/jdcategorydemo/GoodsTypeBN.java","tags":{"FILE_LINE_OF_CODE":"63"}}
{"ts":1706666539854,"action":"FILE_CLOSED","file":"/app/src/main/java/com/example/jdcategorydemo/GoodsTypeBN.java","tags":{"FILE_LINE_OF_CODE":"63"}}
{"ts":1706666539854,"action":"FILE_OPENED","file":"/app/src/main/java/com/example/jdcategorydemo/MainActivity.java","tags":{"FILE_LINE_OF_CODE":"16"}}
{"ts":1706666541887,"action":"IDE_DEACTIVATED"}
{"ts":1706666541935,"action":"IDE_ACTIVATED"}
{"ts":1706666553698,"action":"IDE_DEACTIVATED"}
{"ts":1706666553780,"action":"IDE_ACTIVATED"}
{"ts":1706666569037,"action":"IDE_DEACTIVATED"}
{"ts":1706666569110,"action":"IDE_ACTIVATED"}
{"ts":1706666585605,"action":"IDE_DEACTIVATED"}
{"ts":1706666585702,"action":"IDE_ACTIVATED"}
{"ts":1706666586864,"action":"IDE_DEACTIVATED"}
{"ts":1706666586960,"action":"IDE_ACTIVATED"}
{"ts":1706666598383,"action":"IDE_DEACTIVATED"}
{"ts":1706666598476,"action":"IDE_ACTIVATED"}
{"ts":1706666599787,"action":"FILE_CLOSED","file":"/app/src/main/java/com/example/jdcategorydemo/MainActivity.java","tags":{"FILE_LINE_OF_CODE":"27"}}
{"ts":1706666599787,"action":"FILE_OPENED","file":"/app/src/main/res/layout/activity_main.xml","tags":{"FILE_LINE_OF_CODE":"18"}}
{"ts":1706666621324,"action":"IDE_DEACTIVATED"}
{"ts":1706666621435,"action":"IDE_ACTIVATED"}
{"ts":1706666632377,"action":"IDE_DEACTIVATED"}
{"ts":1706666632447,"action":"IDE_ACTIVATED"}
{"ts":1706666637988,"action":"IDE_DEACTIVATED"}
{"ts":1706666638088,"action":"IDE_ACTIVATED"}
{"ts":1706666645715,"action":"IDE_DEACTIVATED"}
{"ts":1706666645802,"action":"IDE_ACTIVATED"}
{"ts":1706666661348,"action":"FILE_CLOSED","file":"/app/src/main/res/layout/activity_main.xml","tags":{"FILE_LINE_OF_CODE":"32"}}
{"ts":1706666661348,"action":"FILE_OPENED","file":"/app/src/main/java/com/example/jdcategorydemo/MainActivity.java","tags":{"FILE_LINE_OF_CODE":"27"}}
{"ts":1706666675874,"action":"IDE_DEACTIVATED"}
{"ts":1706666713454,"action":"IDE_ACTIVATED"}
{"ts":1706666766227,"action":"IDE_DEACTIVATED"}
{"ts":1706666767289,"action":"IDE_ACTIVATED"}
{"ts":1706666768463,"action":"IDE_DEACTIVATED"}
{"ts":1706666769560,"action":"IDE_ACTIVATED"}
{"ts":1706666781543,"action":"IDE_DEACTIVATED"}
{"ts":1706666781679,"action":"IDE_ACTIVATED"}
{"ts":1706666786313,"action":"IDE_DEACTIVATED"}
{"ts":1706666797930,"action":"IDE_ACTIVATED"}
{"ts":1706666808336,"action":"IDE_DEACTIVATED"}
{"ts":1706666821629,"action":"IDE_ACTIVATED"}
{"ts":1706666824497,"action":"IDE_DEACTIVATED"}
{"ts":1706666834704,"action":"IDE_ACTIVATED"}
{"ts":1706666843319,"action":"IDE_DEACTIVATED"}
{"ts":1706666844389,"action":"IDE_ACTIVATED"}
{"ts":1706666846170,"action":"IDE_DEACTIVATED"}
{"ts":1706666847137,"action":"IDE_ACTIVATED"}
{"ts":1706666856728,"action":"IDE_DEACTIVATED"}
{"ts":1706666856854,"action":"IDE_ACTIVATED"}
{"ts":1706666864339,"action":"IDE_DEACTIVATED"}
{"ts":1706666864459,"action":"IDE_ACTIVATED"}
{"ts":1706666877991,"action":"IDE_DEACTIVATED"}
{"ts":1706666878080,"action":"IDE_ACTIVATED"}
{"ts":1706666882991,"action":"IDE_DEACTIVATED"}
{"ts":1706666883119,"action":"IDE_ACTIVATED"}
{"ts":1706666887132,"action":"IDE_DEACTIVATED"}
{"ts":1706666887254,"action":"IDE_ACTIVATED"}
{"ts":1706666898312,"action":"IDE_DEACTIVATED"}
{"ts":1706666898436,"action":"IDE_ACTIVATED"}
{"ts":1706666941736,"action":"FILE_CLOSED","file":"/app/src/main/java/com/example/jdcategorydemo/MainActivity.java","tags":{"FILE_LINE_OF_CODE":"160"}}
{"ts":1706666941736,"action":"FILE_OPENED","file":"/app/src/main/res/layout/item_type_one.xml","tags":{"FILE_LINE_OF_CODE":"16"}}
{"ts":1706666957565,"action":"IDE_DEACTIVATED"}
{"ts":1706666987833,"action":"IDE_ACTIVATED"}
{"ts":1706666993198,"action":"FILE_CLOSED","file":"/app/src/main/res/layout/item_type_one.xml","tags":{"FILE_LINE_OF_CODE":"16"}}
{"ts":1706666993198,"action":"FILE_OPENED","file":"/app/src/main/java/com/example/jdcategorydemo/MainActivity.java","tags":{"FILE_LINE_OF_CODE":"160"}}
{"ts":1706667019967,"action":"IDE_DEACTIVATED"}
{"ts":1706667046400,"action":"IDE_ACTIVATED"}
{"ts":1706667058311,"action":"IDE_DEACTIVATED"}
{"ts":1706667087944,"action":"IDE_ACTIVATED"}
{"ts":1706667115400,"action":"IDE_DEACTIVATED"}
{"ts":1706667128399,"action":"IDE_ACTIVATED"}
{"ts":1706667139450,"action":"IDE_DEACTIVATED"}
{"ts":1706667169066,"action":"IDE_ACTIVATED"}
{"ts":1706667185649,"action":"FILE_CLOSED","file":"/app/src/main/java/com/example/jdcategorydemo/MainActivity.java","tags":{"FILE_LINE_OF_CODE":"160"}}
{"ts":1706667185649,"action":"FILE_OPENED","file":"/app/src/main/res/layout/activity_main.xml","tags":{"FILE_LINE_OF_CODE":"32"}}
{"ts":1706667188054,"action":"FILE_CLOSED","file":"/app/src/main/res/layout/activity_main.xml","tags":{"FILE_LINE_OF_CODE":"32"}}
{"ts":1706667188054,"action":"FILE_OPENED","file":"/app/src/main/res/layout/item_type_four.xml","tags":{"FILE_LINE_OF_CODE":"22"}}
{"ts":1706667192249,"action":"IDE_DEACTIVATED"}
{"ts":1706667193466,"action":"IDE_ACTIVATED"}
{"ts":1706667198986,"action":"FILE_CLOSED","file":"/app/src/main/res/layout/item_type_four.xml","tags":{"FILE_LINE_OF_CODE":"22"}}
{"ts":1706667198986,"action":"FILE_OPENED","file":"/app/src/main/res/layout/item_type_one.xml","tags":{"FILE_LINE_OF_CODE":"16"}}
{"ts":1706667211703,"action":"FILE_CLOSED","file":"/app/src/main/res/layout/item_type_one.xml","tags":{"FILE_LINE_OF_CODE":"16"}}
{"ts":1706667211703,"action":"FILE_OPENED","file":"/app/src/main/res/layout/item_type_three.xml","tags":{"FILE_LINE_OF_CODE":"25"}}
{"ts":1706667216064,"action":"FILE_CLOSED","file":"/app/src/main/res/layout/item_type_three.xml","tags":{"FILE_LINE_OF_CODE":"25"}}
{"ts":1706667216064,"action":"FILE_OPENED","file":"/app/src/main/res/layout/item_type_two.xml","tags":{"FILE_LINE_OF_CODE":"26"}}
{"ts":1706667221063,"action":"FILE_CLOSED","file":"/app/src/main/res/layout/item_type_two.xml","tags":{"FILE_LINE_OF_CODE":"26"}}
{"ts":1706667221063,"action":"FILE_OPENED","file":"/app/src/main/res/layout/item_type_four.xml","tags":{"FILE_LINE_OF_CODE":"22"}}
{"ts":1706667238104,"action":"IDE_DEACTIVATED"}
{"ts":1706667282819,"action":"IDE_ACTIVATED"}
{"ts":1706667298245,"action":"FILE_CLOSED","file":"/app/src/main/res/layout/item_type_four.xml","tags":{"FILE_LINE_OF_CODE":"22"}}
{"ts":1706667298245,"action":"FILE_OPENED","file":"/app/src/main/java/com/example/jdcategorydemo/adapter/FourAdapter.java","tags":{"FILE_LINE_OF_CODE":"62"}}
{"ts":1706667329024,"action":"IDE_DEACTIVATED"}
{"ts":1706667349337,"action":"IDE_ACTIVATED"}
{"ts":1706667351457,"action":"FILE_CLOSED","file":"/app/src/main/java/com/example/jdcategorydemo/adapter/FourAdapter.java","tags":{"FILE_LINE_OF_CODE":"63"}}
{"ts":1706667351457,"action":"FILE_OPENED","file":"/app/src/main/java/com/example/jdcategorydemo/MainActivity.java","tags":{"FILE_LINE_OF_CODE":"160"}}
{"ts":1706667359475,"action":"IDE_DEACTIVATED"}
{"ts":1706667371253,"action":"IDE_ACTIVATED"}
{"ts":1706667374712,"action":"IDE_DEACTIVATED"}
{"ts":1706667375505,"action":"IDE_ACTIVATED"}
{"ts":1706667398141,"action":"IDE_DEACTIVATED"}
{"ts":1706667451540,"action":"IDE_ACTIVATED"}
{"ts":1706667494168,"action":"IDE_DEACTIVATED"}
{"ts":1706667502464,"action":"IDE_ACTIVATED"}
{"ts":1706667744375,"action":"IDE_DEACTIVATED"}
{"ts":1706667749191,"action":"IDE_ACTIVATED"}
{"ts":1706667837903,"action":"IDE_DEACTIVATED"}
{"ts":1706667841223,"action":"IDE_ACTIVATED"}
{"ts":1706667952025,"action":"IDE_DEACTIVATED"}
{"ts":1706667962218,"action":"IDE_ACTIVATED"}
{"ts":1706667971993,"action":"IDE_DEACTIVATED"}
{"ts":1706667977093,"action":"IDE_ACTIVATED"}
{"ts":1706667982386,"action":"IDE_DEACTIVATED"}
{"ts":1706667997455,"action":"IDE_ACTIVATED"}
{"ts":1706668013866,"action":"IDE_DEACTIVATED"}
{"ts":1706668023600,"action":"IDE_ACTIVATED"}
{"ts":1706668106763,"action":"IDE_DEACTIVATED"}
{"ts":1706668126968,"action":"IDE_ACTIVATED"}
{"ts":1706668134196,"action":"IDE_DEACTIVATED"}
{"ts":1706668139590,"action":"IDE_ACTIVATED"}
{"ts":1706668235410,"action":"IDE_DEACTIVATED"}
{"ts":1706668238949,"action":"IDE_ACTIVATED"}
{"ts":1706668291513,"action":"IDE_DEACTIVATED"}
{"ts":1706668303106,"action":"IDE_ACTIVATED"}
{"ts":1706668332710,"action":"IDE_DEACTIVATED"}
{"ts":1706668343445,"action":"IDE_ACTIVATED"}
{"ts":1706668399694,"action":"IDE_DEACTIVATED"}
{"ts":1706668412907,"action":"IDE_ACTIVATED"}
{"ts":1706668428549,"action":"IDE_DEACTIVATED"}
{"ts":1706668437395,"action":"IDE_ACTIVATED"}
{"ts":1706668474824,"action":"IDE_DEACTIVATED"}
{"ts":1706668476236,"action":"IDE_ACTIVATED"}
{"ts":1706668563266,"action":"IDE_DEACTIVATED"}
{"ts":1706668564382,"action":"IDE_ACTIVATED"}
{"ts":1706668566317,"action":"IDE_DEACTIVATED"}
{"ts":1706668579162,"action":"IDE_ACTIVATED"}
{"ts":1706668600043,"action":"IDE_DEACTIVATED"}
{"ts":1706668607370,"action":"IDE_ACTIVATED"}
{"ts":1706668652906,"action":"IDE_DEACTIVATED"}
{"ts":1706668737216,"action":"IDE_ACTIVATED"}
{"ts":1706668756306,"action":"FILE_CLOSED","file":"/app/src/main/java/com/example/jdcategorydemo/MainActivity.java","tags":{"FILE_LINE_OF_CODE":"160"}}
{"ts":1706668763709,"action":"IDE_DEACTIVATED"}
{"ts":1706668826567,"action":"IDE_ACTIVATED"}
{"ts":1706668828966,"action":"FILE_OPENED","file":"/app/src/main/java/com/example/jdcategorydemo/MainActivity.java","tags":{"FILE_LINE_OF_CODE":"160"}}
{"ts":1706668846217,"action":"IDE_DEACTIVATED"}
{"ts":1706668851668,"action":"IDE_ACTIVATED"}
{"ts":1706668853257,"action":"IDE_DEACTIVATED"}
{"ts":1706668855178,"action":"IDE_ACTIVATED"}
{"ts":1706668857166,"action":"IDE_DEACTIVATED"}
{"ts":1706668857693,"action":"IDE_ACTIVATED"}
{"ts":1706668858174,"action":"IDE_DEACTIVATED"}
{"ts":1706668861095,"action":"IDE_ACTIVATED"}
{"ts":1706668864276,"action":"IDE_DEACTIVATED"}
{"ts":1706668880624,"action":"IDE_ACTIVATED"}
{"ts":1706668883444,"action":"FILE_CLOSED","file":"/app/src/main/java/com/example/jdcategorydemo/MainActivity.java","tags":{"FILE_LINE_OF_CODE":"160"}}
{"ts":1706668883444,"action":"FILE_OPENED","file":"/app/src/main/res/layout/activity_main.xml","tags":{"FILE_LINE_OF_CODE":"32"}}
{"ts":1706668885799,"action":"IDE_DEACTIVATED"}
{"ts":1706668947221,"action":"IDE_ACTIVATED"}
{"ts":1706668948626,"action":"FILE_CLOSED","file":"/app/src/main/res/layout/activity_main.xml","tags":{"FILE_LINE_OF_CODE":"32"}}
{"ts":1706668948626,"action":"FILE_OPENED","file":"/app/src/main/java/com/example/jdcategorydemo/MainActivity.java","tags":{"FILE_LINE_OF_CODE":"160"}}
{"ts":1706669041862,"action":"IDE_DEACTIVATED"}
{"ts":1706669044373,"action":"IDE_ACTIVATED"}
{"ts":1706669047077,"action":"IDE_DEACTIVATED"}
{"ts":1706669052423,"action":"IDE_ACTIVATED"}
{"ts":1706669056002,"action":"IDE_DEACTIVATED"}
{"ts":1706669059181,"action":"IDE_ACTIVATED"}
{"ts":1706669071784,"action":"FILE_CLOSED","file":"/app/src/main/java/com/example/jdcategorydemo/MainActivity.java","tags":{"FILE_LINE_OF_CODE":"186"}}
{"ts":1706669078379,"action":"FILE_OPENED","file":"/app/src/main/java/com/example/jdcategorydemo/MainActivity.java","tags":{"FILE_LINE_OF_CODE":"186"}}
{"ts":1706669108852,"action":"IDE_DEACTIVATED"}
{"ts":1706669153882,"action":"IDE_ACTIVATED"}
{"ts":1706669170425,"action":"FILE_CLOSED","file":"/app/src/main/java/com/example/jdcategorydemo/MainActivity.java","tags":{"FILE_LINE_OF_CODE":"187"}}
{"ts":1706669182220,"action":"IDE_DEACTIVATED"}
{"ts":1706669216760,"action":"IDE_ACTIVATED"}
{"ts":1706669218337,"action":"FILE_OPENED","file":"/app/src/main/java/com/example/jdcategorydemo/MainActivity.java","tags":{"FILE_LINE_OF_CODE":"187"}}
{"ts":1706669262374,"action":"IDE_DEACTIVATED"}
{"ts":1706669276784,"action":"IDE_ACTIVATED"}
{"ts":1706669323964,"action":"IDE_DEACTIVATED"}
{"ts":1706669332583,"action":"IDE_ACTIVATED"}
{"ts":1706669333898,"action":"IDE_DEACTIVATED"}
{"ts":1706669367570,"action":"IDE_ACTIVATED"}
{"ts":1706669611980,"action":"IDE_DEACTIVATED"}
{"ts":1706669614441,"action":"IDE_ACTIVATED"}
{"ts":1706669642510,"action":"IDE_DEACTIVATED"}
{"ts":1706669651996,"action":"IDE_ACTIVATED"}
{"ts":1706669655569,"action":"IDE_DEACTIVATED"}
{"ts":1706669672514,"action":"IDE_ACTIVATED"}
{"ts":1706669681892,"action":"IDE_DEACTIVATED"}
{"ts":1706669691768,"action":"IDE_ACTIVATED"}
{"ts":1706669748073,"action":"IDE_DEACTIVATED"}
{"ts":1706669770747,"action":"IDE_ACTIVATED"}
{"ts":1706669787283,"action":"IDE_DEACTIVATED"}
{"ts":1706669788196,"action":"IDE_ACTIVATED"}
{"ts":1706669789845,"action":"IDE_DEACTIVATED"}
{"ts":1706669875453,"action":"IDE_ACTIVATED"}
{"ts":1706669892019,"action":"IDE_DEACTIVATED"}
{"ts":1706669904240,"action":"IDE_ACTIVATED"}
{"ts":1706669913500,"action":"IDE_DEACTIVATED"}
{"ts":1706669919848,"action":"IDE_ACTIVATED"}
{"ts":1706669939283,"action":"IDE_DEACTIVATED"}
{"ts":1706669944087,"action":"IDE_ACTIVATED"}
{"ts":1706670006612,"action":"IDE_DEACTIVATED"}
{"ts":1706670010207,"action":"IDE_ACTIVATED"}
{"ts":1706670014858,"action":"IDE_DEACTIVATED"}
{"ts":1706670017194,"action":"IDE_ACTIVATED"}
{"ts":1706670024849,"action":"IDE_DEACTIVATED"}
{"ts":1706670028472,"action":"IDE_ACTIVATED"}
{"ts":1706670031109,"action":"IDE_DEACTIVATED"}
{"ts":1706670054521,"action":"IDE_ACTIVATED"}
{"ts":1706670084741,"action":"IDE_DEACTIVATED"}
{"ts":1706670098558,"action":"IDE_ACTIVATED"}
{"ts":1706670103269,"action":"IDE_DEACTIVATED"}
{"ts":1706670138158,"action":"IDE_ACTIVATED"}
{"ts":1706670150688,"action":"IDE_DEACTIVATED"}
{"ts":1706670160410,"action":"IDE_ACTIVATED"}
{"ts":1706670167690,"action":"IDE_DEACTIVATED"}
{"ts":1706670202185,"action":"IDE_ACTIVATED"}
{"ts":1706670224030,"action":"IDE_DEACTIVATED"}
{"ts":1706670233691,"action":"IDE_ACTIVATED"}
{"ts":1706670259833,"action":"IDE_DEACTIVATED"}
{"ts":1706670266552,"action":"IDE_ACTIVATED"}
{"ts":1706670269742,"action":"IDE_DEACTIVATED"}
{"ts":1706670278410,"action":"IDE_ACTIVATED"}
{"ts":1706670279305,"action":"IDE_DEACTIVATED"}
{"ts":1706670286166,"action":"IDE_ACTIVATED"}
{"ts":1706670430832,"action":"IDE_DEACTIVATED"}
{"ts":1706670450432,"action":"IDE_ACTIVATED"}
{"ts":1706670490785,"action":"IDE_DEACTIVATED"}
{"ts":1706670496438,"action":"IDE_ACTIVATED"}
{"ts":1706670547897,"action":"IDE_DEACTIVATED"}
{"ts":1706670566495,"action":"IDE_ACTIVATED"}
{"ts":1706670589185,"action":"IDE_DEACTIVATED"}
{"ts":1706670650226,"action":"IDE_ACTIVATED"}
{"ts":1706670684164,"action":"IDE_DEACTIVATED"}
{"ts":1706670716089,"action":"IDE_ACTIVATED"}
{"ts":1706670754279,"action":"IDE_DEACTIVATED"}
{"ts":1706670756841,"action":"IDE_ACTIVATED"}
{"ts":1706670759657,"action":"IDE_DEACTIVATED"}
{"ts":1706670787757,"action":"IDE_ACTIVATED"}
{"ts":1706670802909,"action":"IDE_DEACTIVATED"}
{"ts":1706670808494,"action":"IDE_ACTIVATED"}
{"ts":1706670817396,"action":"IDE_DEACTIVATED"}
{"ts":1706670821310,"action":"IDE_ACTIVATED"}
{"ts":1706670822871,"action":"IDE_DEACTIVATED"}
{"ts":1706670823822,"action":"IDE_ACTIVATED"}
{"ts":1706670827431,"action":"IDE_DEACTIVATED"}
{"ts":1706670828743,"action":"IDE_ACTIVATED"}
{"ts":1706670831764,"action":"IDE_DEACTIVATED"}
{"ts":1706670833822,"action":"IDE_ACTIVATED"}
{"ts":1706670834768,"action":"IDE_DEACTIVATED"}
{"ts":1706670837366,"action":"IDE_ACTIVATED"}
{"ts":1706670845605,"action":"IDE_DEACTIVATED"}
{"ts":1706670848510,"action":"IDE_ACTIVATED"}
{"ts":1706670992114,"action":"IDE_DEACTIVATED"}
{"ts":1706671011494,"action":"IDE_ACTIVATED"}
{"ts":1706671069157,"action":"FILE_CLOSED","file":"/app/src/main/java/com/example/jdcategorydemo/MainActivity.java","tags":{"FILE_LINE_OF_CODE":"218"}}
{"ts":1706671073137,"action":"FILE_OPENED","file":"/app/src/main/java/com/example/jdcategorydemo/MainActivity.java","tags":{"FILE_LINE_OF_CODE":"218"}}
{"ts":1706671074327,"action":"IDE_DEACTIVATED"}
{"ts":1706671083134,"action":"IDE_ACTIVATED"}
{"ts":1706671087793,"action":"FILE_CLOSED","file":"/app/src/main/java/com/example/jdcategorydemo/MainActivity.java","tags":{"FILE_LINE_OF_CODE":"219"}}
{"ts":1706671129723,"action":"IDE_DEACTIVATED"}
{"ts":1706671130722,"action":"IDE_ACTIVATED"}
{"ts":1706671131778,"action":"IDE_DEACTIVATED"}
{"ts":1706671134723,"action":"IDE_ACTIVATED"}
{"ts":1706671141262,"action":"IDE_DEACTIVATED"}
{"ts":1706671159912,"action":"IDE_ACTIVATED"}
{"ts":1706671161472,"action":"IDE_DEACTIVATED"}
{"ts":1706671165091,"action":"IDE_ACTIVATED"}
{"ts":1706671165581,"action":"IDE_DEACTIVATED"}
{"ts":1706671183141,"action":"IDE_ACTIVATED"}
{"ts":1706671184368,"action":"FILE_OPENED","file":"/app/src/main/java/com/example/jdcategorydemo/MainActivity.java","tags":{"FILE_LINE_OF_CODE":"219"}}
{"ts":1706671201456,"action":"IDE_DEACTIVATED"}
{"ts":1706671211395,"action":"IDE_ACTIVATED"}
{"ts":1706671227792,"action":"IDE_DEACTIVATED"}
{"ts":1706671256286,"action":"IDE_ACTIVATED"}
{"ts":1706671289497,"action":"IDE_DEACTIVATED"}
{"ts":1706671296567,"action":"IDE_ACTIVATED"}
{"ts":1706671308986,"action":"IDE_DEACTIVATED"}
{"ts":1706671313597,"action":"IDE_ACTIVATED"}
{"ts":1706671326548,"action":"FILE_CLOSED","file":"/app/src/main/java/com/example/jdcategorydemo/MainActivity.java","tags":{"FILE_LINE_OF_CODE":"218"}}
{"ts":1706671326548,"action":"FILE_OPENED","file":"/app/src/main/java/com/example/jdcategorydemo/adapter/TwoTypeAdapter.java","tags":{"FILE_LINE_OF_CODE":"81"}}
{"ts":1706671336820,"action":"FILE_CLOSED","file":"/app/src/main/java/com/example/jdcategorydemo/adapter/TwoTypeAdapter.java","tags":{"FILE_LINE_OF_CODE":"81"}}
{"ts":1706671336820,"action":"FILE_OPENED","file":"/app/src/main/java/com/example/jdcategorydemo/adapter/FourAdapter.java","tags":{"FILE_LINE_OF_CODE":"63"}}
{"ts":1706671338832,"action":"FILE_CLOSED","file":"/app/src/main/java/com/example/jdcategorydemo/adapter/FourAdapter.java","tags":{"FILE_LINE_OF_CODE":"63"}}
{"ts":1706671338832,"action":"FILE_OPENED","file":"/app/src/main/java/com/example/jdcategorydemo/MainActivity.java","tags":{"FILE_LINE_OF_CODE":"218"}}
{"ts":1706671343634,"action":"FILE_CLOSED","file":"/app/src/main/java/com/example/jdcategorydemo/MainActivity.java","tags":{"FILE_LINE_OF_CODE":"218"}}
{"ts":1706671343634,"action":"FILE_OPENED","file":"/app/src/main/java/com/example/jdcategorydemo/adapter/TwoTypeAdapter.java","tags":{"FILE_LINE_OF_CODE":"81"}}
{"ts":1706671361430,"action":"FILE_CLOSED","file":"/app/src/main/java/com/example/jdcategorydemo/adapter/TwoTypeAdapter.java","tags":{"FILE_LINE_OF_CODE":"86"}}
{"ts":1706671361430,"action":"FILE_OPENED","file":"/app/src/main/java/com/example/jdcategorydemo/MainActivity.java","tags":{"FILE_LINE_OF_CODE":"218"}}
{"ts":1706671372695,"action":"IDE_DEACTIVATED"}
{"ts":1706671402216,"action":"IDE_ACTIVATED"}
{"ts":1706671431368,"action":"IDE_DEACTIVATED"}
{"ts":1706671451513,"action":"IDE_ACTIVATED"}
{"ts":1706671473115,"action":"IDE_DEACTIVATED"}
{"ts":1706671473879,"action":"IDE_ACTIVATED"}
{"ts":1706671480574,"action":"IDE_DEACTIVATED"}
{"ts":1706671480706,"action":"IDE_ACTIVATED"}
{"ts":1706671490800,"action":"IDE_DEACTIVATED"}
{"ts":1706671490995,"action":"IDE_ACTIVATED"}
{"ts":1706671491639,"action":"IDE_DEACTIVATED"}
{"ts":1706671491889,"action":"IDE_ACTIVATED"}
{"ts":1706671492679,"action":"IDE_DEACTIVATED"}
{"ts":1706671530558,"action":"IDE_ACTIVATED"}
{"ts":1706671606149,"action":"IDE_DEACTIVATED"}
{"ts":1706671618023,"action":"IDE_ACTIVATED"}
{"ts":1706671621754,"action":"IDE_DEACTIVATED"}
{"ts":1706671624660,"action":"IDE_ACTIVATED"}
{"ts":1706671628400,"action":"FILE_CLOSED","file":"/app/src/main/java/com/example/jdcategorydemo/MainActivity.java","tags":{"FILE_LINE_OF_CODE":"157"}}
{"ts":1706671628400,"action":"FILE_OPENED","file":"/app/src/main/java/com/example/jdcategorydemo/adapter/TwoTypeAdapter.java","tags":{"FILE_LINE_OF_CODE":"86"}}
{"ts":1706671659337,"action":"IDE_DEACTIVATED"}
{"ts":1706671669327,"action":"IDE_ACTIVATED"}
{"ts":1706671691191,"action":"IDE_DEACTIVATED"}
{"ts":1706671700807,"action":"IDE_ACTIVATED"}
{"ts":1706671702438,"action":"IDE_DEACTIVATED"}
{"ts":1706671734403,"action":"IDE_ACTIVATED"}
{"ts":1706671742336,"action":"IDE_DEACTIVATED"}
{"ts":1706671745526,"action":"IDE_ACTIVATED"}
{"ts":1706671767940,"action":"IDE_DEACTIVATED"}
{"ts":1706671768943,"action":"IDE_ACTIVATED"}
{"ts":1706671769439,"action":"IDE_DEACTIVATED"}
{"ts":1706671772227,"action":"IDE_ACTIVATED"}
{"ts":1706671778419,"action":"IDE_DEACTIVATED"}
{"ts":1706671787215,"action":"IDE_ACTIVATED"}
{"ts":1706671793128,"action":"FILE_CLOSED","file":"/app/src/main/java/com/example/jdcategorydemo/adapter/TwoTypeAdapter.java","tags":{"FILE_LINE_OF_CODE":"83"}}
{"ts":1706671793128,"action":"FILE_OPENED","file":"/app/src/main/java/com/example/jdcategorydemo/adapter/OneTypeAdapter.java","tags":{"FILE_LINE_OF_CODE":"85"}}
{"ts":1706671806751,"action":"IDE_DEACTIVATED"}
{"ts":1706671839347,"action":"IDE_ACTIVATED"}
{"ts":1706671912431,"action":"IDE_DEACTIVATED"}
{"ts":1706671955791,"action":"IDE_ACTIVATED"}
{"ts":1706671959068,"action":"FILE_CLOSED","file":"/app/src/main/java/com/example/jdcategorydemo/adapter/OneTypeAdapter.java","tags":{"FILE_LINE_OF_CODE":"85"}}
{"ts":1706671959068,"action":"FILE_OPENED","file":"/app/src/main/java/com/example/jdcategorydemo/adapter/FourAdapter.java","tags":{"FILE_LINE_OF_CODE":"63"}}
{"ts":1706671965746,"action":"FILE_CLOSED","file":"/app/src/main/java/com/example/jdcategorydemo/adapter/FourAdapter.java","tags":{"FILE_LINE_OF_CODE":"63"}}
{"ts":1706671965746,"action":"FILE_OPENED","file":"/app/src/main/java/com/example/jdcategorydemo/adapter/ThreeTypeAdapter.java","tags":{"FILE_LINE_OF_CODE":"56"}}
{"ts":1706672075197,"action":"IDE_DEACTIVATED"}
{"ts":1706672075891,"action":"IDE_ACTIVATED"}
{"ts":1706672076753,"action":"IDE_DEACTIVATED"}
{"ts":1706672093272,"action":"IDE_ACTIVATED"}
{"ts":1706672094672,"action":"IDE_DEACTIVATED"}
{"ts":1706672152886,"action":"IDE_ACTIVATED"}
{"ts":1706672156524,"action":"IDE_DEACTIVATED"}
{"ts":1706672168861,"action":"IDE_ACTIVATED"}
{"ts":1706672171670,"action":"FILE_CLOSED","file":"/app/src/main/java/com/example/jdcategorydemo/adapter/ThreeTypeAdapter.java","tags":{"FILE_LINE_OF_CODE":"56"}}
{"ts":1706672171670,"action":"FILE_OPENED","file":"/app/src/main/java/com/example/jdcategorydemo/MainActivity.java","tags":{"FILE_LINE_OF_CODE":"157"}}
{"ts":1706672179015,"action":"IDE_DEACTIVATED"}
{"ts":1706672219930,"action":"IDE_ACTIVATED"}
{"ts":1706672221675,"action":"IDE_DEACTIVATED"}
{"ts":1706672223048,"action":"IDE_ACTIVATED"}
{"ts":1706672255270,"action":"IDE_DEACTIVATED"}
{"ts":1706672283830,"action":"IDE_ACTIVATED"}
{"ts":1706672303043,"action":"IDE_DEACTIVATED"}
{"ts":1706672304453,"action":"IDE_ACTIVATED"}
{"ts":1706672317292,"action":"IDE_DEACTIVATED"}
{"ts":1706672364081,"action":"IDE_ACTIVATED"}
{"ts":1706672387968,"action":"IDE_DEACTIVATED"}
{"ts":1706672705290,"action":"IDE_ACTIVATED"}
{"ts":1706672759348,"action":"IDE_DEACTIVATED"}
{"ts":1706672785274,"action":"IDE_ACTIVATED"}
{"ts":1706672975970,"action":"IDE_DEACTIVATED"}
{"ts":1706672977453,"action":"IDE_ACTIVATED"}
{"ts":1706672981240,"action":"IDE_DEACTIVATED"}
{"ts":1706672991175,"action":"IDE_ACTIVATED"}
{"ts":1706673001327,"action":"IDE_DEACTIVATED"}
{"ts":1706673061296,"action":"IDE_ACTIVATED"}
{"ts":1706673061477,"action":"IDE_DEACTIVATED"}
{"ts":1706673061992,"action":"IDE_ACTIVATED"}
{"ts":1706673064983,"action":"IDE_DEACTIVATED"}
{"ts":1706673065085,"action":"IDE_ACTIVATED"}
{"ts":1706673110734,"action":"IDE_DEACTIVATED"}
{"ts":1706673132369,"action":"IDE_ACTIVATED"}
{"ts":1706673146655,"action":"IDE_DEACTIVATED"}
{"ts":1706673147486,"action":"IDE_ACTIVATED"}
{"ts":1706673152273,"action":"IDE_DEACTIVATED"}
{"ts":1706673153209,"action":"IDE_ACTIVATED"}
{"ts":1706673153461,"action":"IDE_DEACTIVATED"}
